2026-06-10 20:24:19,341 [INFO] No device provided, using cuda:0
2026-06-10 20:24:19,942 [INFO] HTTP Request: HEAD https://huggingface.co/sentence-transformers/all-MiniLM-L6-v2/resolve/main/modules.json "HTTP/1.1 307 Temporary Redirect"
2026-06-10 20:24:19,943 [WARNING] Warning: You are sending unauthenticated requests to the HF Hub. Please set a HF_TOKEN to enable higher rate limits and faster downloads.
2026-06-10 20:24:20,044 [INFO] HTTP Request: HEAD https://huggingface.co/api/resolve-cache/models/sentence-transformers/all-MiniLM-L6-v2/1110a243fdf4706b3f48f1d95db1a4f5529b4d41/modules.json "HTTP/1.1 200 OK"
2026-06-10 20:24:20,253 [INFO] HTTP Request: HEAD https://huggingface.co/sentence-transformers/all-MiniLM-L6-v2/resolve/main/config_sentence_transformers.json "HTTP/1.1 307 Temporary Redirect"
2026-06-10 20:24:20,356 [INFO] HTTP Request: HEAD https://huggingface.co/api/resolve-cache/models/sentence-transformers/all-MiniLM-L6-v2/1110a243fdf4706b3f48f1d95db1a4f5529b4d41/config_sentence_transformers.json "HTTP/1.1 200 OK"
2026-06-10 20:24:20,359 [INFO] Loading SentenceTransformer model from sentence-transformers/all-MiniLM-L6-v2.
2026-06-10 20:24:20,561 [INFO] HTTP Request: HEAD https://huggingface.co/sentence-transformers/all-MiniLM-L6-v2/resolve/main/config_sentence_transformers.json "HTTP/1.1 307 Temporary Redirect"
2026-06-10 20:24:20,661 [INFO] HTTP Request: HEAD https://huggingface.co/api/resolve-cache/models/sentence-transformers/all-MiniLM-L6-v2/1110a243fdf4706b3f48f1d95db1a4f5529b4d41/config_sentence_transformers.json "HTTP/1.1 200 OK"
2026-06-10 20:24:20,868 [INFO] HTTP Request: HEAD https://huggingface.co/sentence-transformers/all-MiniLM-L6-v2/resolve/main/README.md "HTTP/1.1 307 Temporary Redirect"
2026-06-10 20:24:20,989 [INFO] HTTP Request: HEAD https://huggingface.co/api/resolve-cache/models/sentence-transformers/all-MiniLM-L6-v2/1110a243fdf4706b3f48f1d95db1a4f5529b4d41/README.md "HTTP/1.1 200 OK"
2026-06-10 20:24:21,176 [INFO] HTTP Request: HEAD https://huggingface.co/sentence-transformers/all-MiniLM-L6-v2/resolve/main/modules.json "HTTP/1.1 307 Temporary Redirect"
2026-06-10 20:24:21,278 [INFO] HTTP Request: HEAD https://huggingface.co/api/resolve-cache/models/sentence-transformers/all-MiniLM-L6-v2/1110a243fdf4706b3f48f1d95db1a4f5529b4d41/modules.json "HTTP/1.1 200 OK"
2026-06-10 20:24:21,482 [INFO] HTTP Request: HEAD https://huggingface.co/sentence-transformers/all-MiniLM-L6-v2/resolve/main/sentence_bert_config.json "HTTP/1.1 307 Temporary Redirect"
2026-06-10 20:24:21,559 [INFO] HTTP Request: HEAD https://huggingface.co/api/resolve-cache/models/sentence-transformers/all-MiniLM-L6-v2/1110a243fdf4706b3f48f1d95db1a4f5529b4d41/sentence_bert_config.json "HTTP/1.1 200 OK"
2026-06-10 20:24:21,800 [INFO] HTTP Request: HEAD https://huggingface.co/sentence-transformers/all-MiniLM-L6-v2/resolve/main/adapter_config.json "HTTP/1.1 404 Not Found"
2026-06-10 20:24:21,995 [INFO] HTTP Request: HEAD https://huggingface.co/sentence-transformers/all-MiniLM-L6-v2/resolve/main/config.json "HTTP/1.1 307 Temporary Redirect"
2026-06-10 20:24:22,097 [INFO] HTTP Request: HEAD https://huggingface.co/api/resolve-cache/models/sentence-transformers/all-MiniLM-L6-v2/1110a243fdf4706b3f48f1d95db1a4f5529b4d41/config.json "HTTP/1.1 200 OK"
2026-06-10 20:24:22,832 [INFO] HTTP Request: HEAD https://huggingface.co/sentence-transformers/all-MiniLM-L6-v2/resolve/main/processor_config.json "HTTP/1.1 404 Not Found"
2026-06-10 20:24:23,018 [INFO] HTTP Request: HEAD https://huggingface.co/sentence-transformers/all-MiniLM-L6-v2/resolve/main/preprocessor_config.json "HTTP/1.1 404 Not Found"
2026-06-10 20:24:23,219 [INFO] HTTP Request: HEAD https://huggingface.co/sentence-transformers/all-MiniLM-L6-v2/resolve/main/video_preprocessor_config.json "HTTP/1.1 404 Not Found"
2026-06-10 20:24:23,428 [INFO] HTTP Request: HEAD https://huggingface.co/sentence-transformers/all-MiniLM-L6-v2/resolve/main/preprocessor_config.json "HTTP/1.1 404 Not Found"
2026-06-10 20:24:23,606 [INFO] HTTP Request: HEAD https://huggingface.co/sentence-transformers/all-MiniLM-L6-v2/resolve/main/tokenizer_config.json "HTTP/1.1 307 Temporary Redirect"
2026-06-10 20:24:23,677 [INFO] HTTP Request: HEAD https://huggingface.co/api/resolve-cache/models/sentence-transformers/all-MiniLM-L6-v2/1110a243fdf4706b3f48f1d95db1a4f5529b4d41/tokenizer_config.json "HTTP/1.1 200 OK"
2026-06-10 20:24:23,859 [INFO] HTTP Request: HEAD https://huggingface.co/sentence-transformers/all-MiniLM-L6-v2/resolve/main/config.json "HTTP/1.1 307 Temporary Redirect"
2026-06-10 20:24:23,940 [INFO] HTTP Request: HEAD https://huggingface.co/api/resolve-cache/models/sentence-transformers/all-MiniLM-L6-v2/1110a243fdf4706b3f48f1d95db1a4f5529b4d41/config.json "HTTP/1.1 200 OK"
2026-06-10 20:24:24,248 [INFO] HTTP Request: HEAD https://huggingface.co/sentence-transformers/all-MiniLM-L6-v2/resolve/main/config.json "HTTP/1.1 307 Temporary Redirect"
2026-06-10 20:24:24,350 [INFO] HTTP Request: HEAD https://huggingface.co/api/resolve-cache/models/sentence-transformers/all-MiniLM-L6-v2/1110a243fdf4706b3f48f1d95db1a4f5529b4d41/config.json "HTTP/1.1 200 OK"
2026-06-10 20:24:24,555 [INFO] HTTP Request: HEAD https://huggingface.co/sentence-transformers/all-MiniLM-L6-v2/resolve/main/tokenizer_config.json "HTTP/1.1 307 Temporary Redirect"
2026-06-10 20:24:24,658 [INFO] HTTP Request: HEAD https://huggingface.co/api/resolve-cache/models/sentence-transformers/all-MiniLM-L6-v2/1110a243fdf4706b3f48f1d95db1a4f5529b4d41/tokenizer_config.json "HTTP/1.1 200 OK"
2026-06-10 20:24:24,861 [INFO] HTTP Request: GET https://huggingface.co/api/models/sentence-transformers/all-MiniLM-L6-v2/tree/main/additional_chat_templates?recursive=false&expand=false "HTTP/1.1 404 Not Found"
2026-06-10 20:24:25,066 [INFO] HTTP Request: GET https://huggingface.co/api/models/sentence-transformers/all-MiniLM-L6-v2/tree/main?recursive=true&expand=false "HTTP/1.1 200 OK"
2026-06-10 20:24:25,374 [INFO] HTTP Request: HEAD https://huggingface.co/sentence-transformers/all-MiniLM-L6-v2/resolve/main/1_Pooling/config.json "HTTP/1.1 307 Temporary Redirect"
2026-06-10 20:24:25,495 [INFO] HTTP Request: HEAD https://huggingface.co/api/resolve-cache/models/sentence-transformers/all-MiniLM-L6-v2/1110a243fdf4706b3f48f1d95db1a4f5529b4d41/1_Pooling%2Fconfig.json "HTTP/1.1 200 OK"
2026-06-10 20:24:25,681 [INFO] HTTP Request: GET https://huggingface.co/api/models/sentence-transformers/all-MiniLM-L6-v2 "HTTP/1.1 200 OK"
2026-06-10 20:24:25,885 [INFO] Anonymized telemetry enabled. See                     https://docs.trychroma.com/telemetry for more information.
2026-06-10 20:24:26,026 [INFO] Processing asthma ...
2026-06-10 20:24:27,192 [INFO] asthma: 8 chunks produced, 0 already stored, 8 to embed
2026-06-10 20:24:27,513 [INFO] asthma: done.
2026-06-10 20:24:27,514 [INFO] Processing diabetes ...
2026-06-10 20:24:28,086 [INFO] diabetes: 9 chunks produced, 0 already stored, 9 to embed
2026-06-10 20:24:28,126 [INFO] diabetes: done.
2026-06-10 20:24:28,126 [INFO] Processing hypertension ...
2026-06-10 20:24:28,826 [INFO] hypertension: 10 chunks produced, 0 already stored, 10 to embed
2026-06-10 20:24:28,877 [INFO] hypertension: done.
2026-06-10 20:24:28,877 [INFO] Processing lung_cancer ...
2026-06-10 20:24:29,724 [INFO] lung_cancer: 7 chunks produced, 0 already stored, 7 to embed
2026-06-10 20:24:29,763 [INFO] lung_cancer: done.
2026-06-10 20:24:29,763 [INFO] Processing avascular_necrosis ...
2026-06-10 20:24:30,102 [INFO] avascular_necrosis: 32 chunks produced, 0 already stored, 32 to embed
2026-06-10 20:24:30,286 [INFO] avascular_necrosis: done.
2026-06-10 20:24:30,286 [INFO] Processing mendeley_diseases ...
2026-06-10 20:24:41,157 [INFO]   csv_special: 773 diseases processed with 20% frequency threshold
2026-06-10 20:24:41,158 [INFO] mendeley_diseases: 773 chunks produced, 0 already stored, 773 to embed
2026-06-10 20:24:42,409 [INFO] mendeley_diseases: done.
2026-06-10 20:24:42,409 [INFO] Processing abortion ...
2026-06-10 20:24:43,146 [INFO] abortion: 14 chunks produced, 0 already stored, 14 to embed
2026-06-10 20:24:43,356 [INFO] abortion: done.
2026-06-10 20:24:43,356 [INFO] Processing abuse_of_older_people ...
2026-06-10 20:24:44,217 [INFO] abuse_of_older_people: 7 chunks produced, 0 already stored, 7 to embed
2026-06-10 20:24:44,294 [INFO] abuse_of_older_people: done.
2026-06-10 20:24:44,294 [INFO] Processing adolescents_health_risks_and_solutions ...
2026-06-10 20:24:45,127 [INFO] adolescents_health_risks_and_solutions: 15 chunks produced, 0 already stored, 15 to embed
2026-06-10 20:24:45,229 [INFO] adolescents_health_risks_and_solutions: done.
2026-06-10 20:24:45,230 [INFO] Processing adolescent_pregnancy ...
2026-06-10 20:24:45,926 [INFO] adolescent_pregnancy: 12 chunks produced, 0 already stored, 12 to embed
2026-06-10 20:24:46,012 [INFO] adolescent_pregnancy: done.
2026-06-10 20:24:46,012 [INFO] Processing ageing_and_health ...
2026-06-10 20:24:46,855 [INFO] ageing_and_health: 8 chunks produced, 0 already stored, 8 to embed
2026-06-10 20:24:46,929 [INFO] ageing_and_health: done.
2026-06-10 20:24:46,929 [INFO] Processing alcohol ...
2026-06-10 20:24:47,671 [INFO] alcohol: 12 chunks produced, 0 already stored, 12 to embed
2026-06-10 20:24:47,758 [INFO] alcohol: done.
2026-06-10 20:24:47,758 [INFO] Processing ambient_(outdoor)_air_quality_and_health ...
2026-06-10 20:24:48,614 [INFO] ambient_(outdoor)_air_quality_and_health: 10 chunks produced, 0 already stored, 10 to embed
2026-06-10 20:24:48,705 [INFO] ambient_(outdoor)_air_quality_and_health: done.
2026-06-10 20:24:48,706 [INFO] Processing anaemia ...
2026-06-10 20:24:49,452 [INFO] anaemia: 10 chunks produced, 0 already stored, 10 to embed
2026-06-10 20:24:49,532 [INFO] anaemia: done.
2026-06-10 20:24:49,532 [INFO] Processing animal_bites ...
2026-06-10 20:24:50,106 [INFO] animal_bites: 15 chunks produced, 0 already stored, 15 to embed
2026-06-10 20:24:50,210 [INFO] animal_bites: done.
2026-06-10 20:24:50,210 [INFO] Processing antimicrobial_resistance ...
2026-06-10 20:24:50,938 [INFO] antimicrobial_resistance: 22 chunks produced, 0 already stored, 22 to embed
2026-06-10 20:24:51,074 [INFO] antimicrobial_resistance: done.
2026-06-10 20:24:51,074 [INFO] Processing anxiety_disorders ...
2026-06-10 20:24:51,871 [INFO] anxiety_disorders: 10 chunks produced, 0 already stored, 10 to embed
2026-06-10 20:24:51,988 [INFO] anxiety_disorders: done.
2026-06-10 20:24:51,988 [INFO] Processing arsenic ...
2026-06-10 20:24:52,684 [INFO] arsenic: 12 chunks produced, 0 already stored, 12 to embed
2026-06-10 20:24:52,787 [INFO] arsenic: done.
2026-06-10 20:24:52,787 [INFO] Processing asbestos ...
2026-06-10 20:24:53,684 [INFO] asbestos: 10 chunks produced, 0 already stored, 10 to embed
2026-06-10 20:24:53,759 [INFO] asbestos: done.
2026-06-10 20:24:53,759 [INFO] Processing assistive_technology ...
2026-06-10 20:24:54,530 [INFO] assistive_technology: 9 chunks produced, 0 already stored, 9 to embed
2026-06-10 20:24:54,661 [INFO] assistive_technology: done.
2026-06-10 20:24:54,661 [INFO] Processing autism_spectrum_disorders ...
2026-06-10 20:24:55,351 [INFO] autism_spectrum_disorders: 11 chunks produced, 0 already stored, 11 to embed
2026-06-10 20:24:55,417 [INFO] autism_spectrum_disorders: done.
2026-06-10 20:24:55,417 [INFO] Processing bacterial_vaginosis ...
2026-06-10 20:24:56,050 [INFO] bacterial_vaginosis: 5 chunks produced, 0 already stored, 5 to embed
2026-06-10 20:24:56,088 [INFO] bacterial_vaginosis: done.
2026-06-10 20:24:56,088 [INFO] Processing biodiversity ...
2026-06-10 20:24:56,786 [INFO] biodiversity: 12 chunks produced, 0 already stored, 12 to embed
2026-06-10 20:24:56,834 [INFO] biodiversity: done.
2026-06-10 20:24:56,834 [INFO] Processing bipolar_disorder ...
2026-06-10 20:24:57,708 [INFO] bipolar_disorder: 12 chunks produced, 0 already stored, 12 to embed
2026-06-10 20:24:57,772 [INFO] bipolar_disorder: done.
2026-06-10 20:24:57,772 [INFO] Processing blindness_and_visual_impairment ...
2026-06-10 20:24:58,526 [INFO] blindness_and_visual_impairment: 11 chunks produced, 0 already stored, 11 to embed
2026-06-10 20:24:58,588 [INFO] blindness_and_visual_impairment: done.
2026-06-10 20:24:58,589 [INFO] Processing blood_safety_and_availability ...
2026-06-10 20:24:59,354 [INFO] blood_safety_and_availability: 15 chunks produced, 0 already stored, 15 to embed
2026-06-10 20:24:59,444 [INFO] blood_safety_and_availability: done.
2026-06-10 20:24:59,444 [INFO] Processing botulism ...
2026-06-10 20:25:00,062 [INFO] botulism: 13 chunks produced, 0 already stored, 13 to embed
2026-06-10 20:25:00,135 [INFO] botulism: done.
2026-06-10 20:25:00,136 [INFO] Processing breast_cancer ...
2026-06-10 20:25:00,967 [INFO] breast_cancer: 13 chunks produced, 0 already stored, 13 to embed
2026-06-10 20:25:01,036 [INFO] breast_cancer: done.
2026-06-10 20:25:01,036 [INFO] Processing brucellosis ...
2026-06-10 20:25:01,822 [INFO] brucellosis: 5 chunks produced, 0 already stored, 5 to embed
2026-06-10 20:25:01,864 [INFO] brucellosis: done.
2026-06-10 20:25:01,864 [INFO] Processing burns ...
2026-06-10 20:25:02,619 [INFO] burns: 11 chunks produced, 0 already stored, 11 to embed
2026-06-10 20:25:02,684 [INFO] burns: done.
2026-06-10 20:25:02,684 [INFO] Processing buruli_ulcer_(mycobacterium_ulcerans_infection) ...
2026-06-10 20:25:03,541 [INFO] buruli_ulcer_(mycobacterium_ulcerans_infection): 8 chunks produced, 0 already stored, 8 to embed
2026-06-10 20:25:03,601 [INFO] buruli_ulcer_(mycobacterium_ulcerans_infection): done.
2026-06-10 20:25:03,601 [INFO] Processing campylobacter ...
2026-06-10 20:25:04,261 [INFO] campylobacter: 10 chunks produced, 0 already stored, 10 to embed
2026-06-10 20:25:04,318 [INFO] campylobacter: done.
2026-06-10 20:25:04,318 [INFO] Processing cancer ...
2026-06-10 20:25:04,966 [INFO] cancer: 14 chunks produced, 0 already stored, 14 to embed
2026-06-10 20:25:05,052 [INFO] cancer: done.
2026-06-10 20:25:05,052 [INFO] Processing candidiasis_(yeast_infection) ...
2026-06-10 20:25:05,831 [INFO] candidiasis_(yeast_infection): 10 chunks produced, 0 already stored, 10 to embed
2026-06-10 20:25:05,900 [INFO] candidiasis_(yeast_infection): done.
2026-06-10 20:25:05,901 [INFO] Processing cardiovascular_diseases_(cvds) ...
2026-06-10 20:25:06,510 [INFO] cardiovascular_diseases_(cvds): 11 chunks produced, 0 already stored, 11 to embed
2026-06-10 20:25:06,569 [INFO] cardiovascular_diseases_(cvds): done.
2026-06-10 20:25:06,569 [INFO] Processing cervical_cancer ...
2026-06-10 20:25:07,236 [INFO] cervical_cancer: 12 chunks produced, 0 already stored, 12 to embed
2026-06-10 20:25:07,314 [INFO] cervical_cancer: done.
2026-06-10 20:25:07,314 [INFO] Processing chagas_disease_(american_trypanosomiasis) ...
2026-06-10 20:25:08,108 [INFO] chagas_disease_(american_trypanosomiasis): 15 chunks produced, 0 already stored, 15 to embed
2026-06-10 20:25:08,191 [INFO] chagas_disease_(american_trypanosomiasis): done.
2026-06-10 20:25:08,191 [INFO] Processing chikungunya ...
2026-06-10 20:25:08,866 [INFO] chikungunya: 12 chunks produced, 0 already stored, 12 to embed
2026-06-10 20:25:08,944 [INFO] chikungunya: done.
2026-06-10 20:25:08,944 [INFO] Processing child_maltreatment ...
2026-06-10 20:25:09,482 [INFO] child_maltreatment: 11 chunks produced, 0 already stored, 11 to embed
2026-06-10 20:25:09,545 [INFO] child_maltreatment: done.
2026-06-10 20:25:09,545 [INFO] Processing child_mortality_under_5_years ...
2026-06-10 20:25:13,776 [INFO] child_mortality_under_5_years: 6 chunks produced, 0 already stored, 6 to embed
2026-06-10 20:25:13,826 [INFO] child_mortality_under_5_years: done.
2026-06-10 20:25:13,827 [INFO] Processing cancer_in_children ...
2026-06-10 20:25:14,607 [INFO] cancer_in_children: 12 chunks produced, 0 already stored, 12 to embed
2026-06-10 20:25:14,692 [INFO] cancer_in_children: done.
2026-06-10 20:25:14,692 [INFO] Processing chlamydia ...
2026-06-10 20:25:15,449 [INFO] chlamydia: 9 chunks produced, 0 already stored, 9 to embed
2026-06-10 20:25:15,536 [INFO] chlamydia: done.
2026-06-10 20:25:15,536 [INFO] Processing cholera ...
2026-06-10 20:25:16,348 [INFO] cholera: 13 chunks produced, 0 already stored, 13 to embed
2026-06-10 20:25:16,428 [INFO] cholera: done.
2026-06-10 20:25:16,428 [INFO] Processing chromoblastomycosis ...
2026-06-10 20:25:17,196 [INFO] chromoblastomycosis: 7 chunks produced, 0 already stored, 7 to embed
2026-06-10 20:25:17,240 [INFO] chromoblastomycosis: done.
2026-06-10 20:25:17,240 [INFO] Processing chronic_obstructive_pulmonary_disease_(copd) ...
2026-06-10 20:25:17,881 [INFO] chronic_obstructive_pulmonary_disease_(copd): 9 chunks produced, 0 already stored, 9 to embed
2026-06-10 20:25:17,949 [INFO] chronic_obstructive_pulmonary_disease_(copd): done.
2026-06-10 20:25:17,949 [INFO] Processing civil_registration_and_vital_statistics ...
2026-06-10 20:25:18,804 [INFO] civil_registration_and_vital_statistics: 9 chunks produced, 0 already stored, 9 to embed
2026-06-10 20:25:18,871 [INFO] civil_registration_and_vital_statistics: done.
2026-06-10 20:25:18,871 [INFO] Processing climate_change_and_health ...
2026-06-10 20:25:19,718 [INFO] climate_change_and_health: 12 chunks produced, 0 already stored, 12 to embed
2026-06-10 20:25:19,801 [INFO] climate_change_and_health: done.
2026-06-10 20:25:19,802 [INFO] Processing colorectal_cancer ...
2026-06-10 20:25:20,538 [INFO] colorectal_cancer: 8 chunks produced, 0 already stored, 8 to embed
2026-06-10 20:25:20,605 [INFO] colorectal_cancer: done.
2026-06-10 20:25:20,605 [INFO] Processing commercial_determinants_of_health ...
2026-06-10 20:25:21,373 [INFO] commercial_determinants_of_health: 13 chunks produced, 0 already stored, 13 to embed
2026-06-10 20:25:21,463 [INFO] commercial_determinants_of_health: done.
2026-06-10 20:25:21,464 [INFO] Processing community_based_health_insurance_cbhi ...
2026-06-10 20:25:22,073 [INFO] community_based_health_insurance_cbhi: 7 chunks produced, 0 already stored, 7 to embed
2026-06-10 20:25:22,112 [INFO] community_based_health_insurance_cbhi: done.
2026-06-10 20:25:22,112 [INFO] Processing condoms ...
2026-06-10 20:25:22,798 [INFO] condoms: 7 chunks produced, 0 already stored, 7 to embed
2026-06-10 20:25:22,847 [INFO] condoms: done.
2026-06-10 20:25:22,847 [INFO] Processing birth_defects ...
2026-06-10 20:25:23,596 [INFO] birth_defects: 10 chunks produced, 0 already stored, 10 to embed
2026-06-10 20:25:23,664 [INFO] birth_defects: done.
2026-06-10 20:25:23,665 [INFO] Processing coronavirus_disease_(covid_19) ...
2026-06-10 20:25:24,107 [INFO] coronavirus_disease_(covid_19): 13 chunks produced, 0 already stored, 13 to embed
2026-06-10 20:25:24,168 [INFO] coronavirus_disease_(covid_19): done.
2026-06-10 20:25:24,168 [INFO] Processing corporal_punishment_and_health ...
2026-06-10 20:25:24,760 [INFO] corporal_punishment_and_health: 11 chunks produced, 0 already stored, 11 to embed
2026-06-10 20:25:24,888 [INFO] corporal_punishment_and_health: done.
2026-06-10 20:25:24,889 [INFO] Processing crimean_congo_haemorrhagic_fever ...
2026-06-10 20:25:25,662 [INFO] crimean_congo_haemorrhagic_fever: 10 chunks produced, 0 already stored, 10 to embed
2026-06-10 20:25:25,736 [INFO] crimean_congo_haemorrhagic_fever: done.
2026-06-10 20:25:25,736 [INFO] Processing deafness_and_hearing_loss ...
2026-06-10 20:25:26,584 [INFO] deafness_and_hearing_loss: 9 chunks produced, 0 already stored, 9 to embed
2026-06-10 20:25:26,658 [INFO] deafness_and_hearing_loss: done.
2026-06-10 20:25:26,658 [INFO] Processing deliberate_events ...
2026-06-10 20:25:27,272 [INFO] deliberate_events: 8 chunks produced, 0 already stored, 8 to embed
2026-06-10 20:25:27,335 [INFO] deliberate_events: done.
2026-06-10 20:25:27,335 [INFO] Processing dementia ...
2026-06-10 20:25:28,004 [INFO] dementia: 11 chunks produced, 0 already stored, 11 to embed
2026-06-10 20:25:28,081 [INFO] dementia: done.
2026-06-10 20:25:28,082 [INFO] Processing dengue_and_severe_dengue ...
2026-06-10 20:25:29,049 [INFO] dengue_and_severe_dengue: 14 chunks produced, 0 already stored, 14 to embed
2026-06-10 20:25:29,138 [INFO] dengue_and_severe_dengue: done.
2026-06-10 20:25:29,138 [INFO] Processing depression ...
2026-06-10 20:25:29,861 [INFO] depression: 10 chunks produced, 0 already stored, 10 to embed
2026-06-10 20:25:29,939 [INFO] depression: done.
2026-06-10 20:25:29,939 [INFO] Processing diarrhoeal_disease ...
2026-06-10 20:25:30,798 [INFO] diarrhoeal_disease: 9 chunks produced, 0 already stored, 9 to embed
2026-06-10 20:25:30,868 [INFO] diarrhoeal_disease: done.
2026-06-10 20:25:30,869 [INFO] Processing dioxins_and_their_effects_on_human_health ...
2026-06-10 20:25:31,581 [INFO] dioxins_and_their_effects_on_human_health: 12 chunks produced, 0 already stored, 12 to embed
2026-06-10 20:25:31,672 [INFO] dioxins_and_their_effects_on_human_health: done.
2026-06-10 20:25:31,672 [INFO] Processing diphtheria ...
2026-06-10 20:25:32,442 [INFO] diphtheria: 8 chunks produced, 0 already stored, 8 to embed
2026-06-10 20:25:32,519 [INFO] diphtheria: done.
2026-06-10 20:25:32,520 [INFO] Processing disability_and_health ...
2026-06-10 20:25:33,240 [INFO] disability_and_health: 9 chunks produced, 0 already stored, 9 to embed
2026-06-10 20:25:33,300 [INFO] disability_and_health: done.
2026-06-10 20:25:33,300 [INFO] Processing dracunculiasis_(guinea_worm_disease) ...
2026-06-10 20:25:34,063 [INFO] dracunculiasis_(guinea_worm_disease): 11 chunks produced, 0 already stored, 11 to embed
2026-06-10 20:25:34,126 [INFO] dracunculiasis_(guinea_worm_disease): done.
2026-06-10 20:25:34,126 [INFO] Processing drinking_water ...
2026-06-10 20:25:34,882 [INFO] drinking_water: 11 chunks produced, 0 already stored, 11 to embed
2026-06-10 20:25:34,945 [INFO] drinking_water: done.
2026-06-10 20:25:34,945 [INFO] Processing drowning ...
2026-06-10 20:25:35,690 [INFO] drowning: 10 chunks produced, 0 already stored, 10 to embed
2026-06-10 20:25:35,777 [INFO] drowning: done.
2026-06-10 20:25:35,777 [INFO] Processing e_coli ...
2026-06-10 20:25:36,519 [INFO] e_coli: 10 chunks produced, 0 already stored, 10 to embed
2026-06-10 20:25:36,613 [INFO] e_coli: done.
2026-06-10 20:25:36,613 [INFO] Processing ebola_disease ...
2026-06-10 20:25:37,195 [INFO] ebola_disease: 13 chunks produced, 0 already stored, 13 to embed
2026-06-10 20:25:37,285 [INFO] ebola_disease: done.
2026-06-10 20:25:37,285 [INFO] Processing echinococcosis ...
2026-06-10 20:25:37,854 [INFO] echinococcosis: 19 chunks produced, 0 already stored, 19 to embed
2026-06-10 20:25:38,012 [INFO] echinococcosis: done.
2026-06-10 20:25:38,012 [INFO] Processing el_nino_southern_oscillation_(enso) ...
2026-06-10 20:25:38,793 [INFO] el_nino_southern_oscillation_(enso): 12 chunks produced, 0 already stored, 12 to embed
2026-06-10 20:25:38,881 [INFO] el_nino_southern_oscillation_(enso): done.
2026-06-10 20:25:38,881 [INFO] Processing electricity_in_health_care_facilities ...
2026-06-10 20:25:39,500 [INFO] electricity_in_health_care_facilities: 10 chunks produced, 0 already stored, 10 to embed
2026-06-10 20:25:39,580 [INFO] electricity_in_health_care_facilities: done.
2026-06-10 20:25:39,581 [INFO] Processing electronic_waste_(e_waste) ...
2026-06-10 20:25:40,417 [INFO] electronic_waste_(e_waste): 13 chunks produced, 0 already stored, 13 to embed
2026-06-10 20:25:40,554 [INFO] electronic_waste_(e_waste): done.
2026-06-10 20:25:40,554 [INFO] Processing emergency_contraception ...
2026-06-10 20:25:41,315 [INFO] emergency_contraception: 13 chunks produced, 0 already stored, 13 to embed
2026-06-10 20:25:41,419 [INFO] emergency_contraception: done.
2026-06-10 20:25:41,419 [INFO] Processing endometriosis ...
2026-06-10 20:25:42,135 [INFO] endometriosis: 10 chunks produced, 0 already stored, 10 to embed
2026-06-10 20:25:42,221 [INFO] endometriosis: done.
2026-06-10 20:25:42,221 [INFO] Processing epilepsy ...
2026-06-10 20:25:42,729 [INFO] epilepsy: 12 chunks produced, 0 already stored, 12 to embed
2026-06-10 20:25:42,820 [INFO] epilepsy: done.
2026-06-10 20:25:42,820 [INFO] Processing essential_medicines ...
2026-06-10 20:25:43,388 [INFO] essential_medicines: 12 chunks produced, 0 already stored, 12 to embed
2026-06-10 20:25:43,488 [INFO] essential_medicines: done.
2026-06-10 20:25:43,488 [INFO] Processing falls ...
2026-06-10 20:25:44,082 [INFO] falls: 8 chunks produced, 0 already stored, 8 to embed
2026-06-10 20:25:44,141 [INFO] falls: done.
2026-06-10 20:25:44,142 [INFO] Processing family_planning_contraception ...
2026-06-10 20:25:44,925 [INFO] family_planning_contraception: 6 chunks produced, 0 already stored, 6 to embed
2026-06-10 20:25:44,988 [INFO] family_planning_contraception: done.
2026-06-10 20:25:44,988 [INFO] Processing female_genital_mutilation ...
2026-06-10 20:25:47,392 [INFO] female_genital_mutilation: 8 chunks produced, 0 already stored, 8 to embed
2026-06-10 20:25:47,494 [INFO] female_genital_mutilation: done.
2026-06-10 20:25:47,494 [INFO] Processing food_additives ...
2026-06-10 20:25:48,108 [INFO] food_additives: 9 chunks produced, 0 already stored, 9 to embed
2026-06-10 20:25:48,170 [INFO] food_additives: done.
2026-06-10 20:25:48,170 [INFO] Processing food_safety ...
2026-06-10 20:25:48,911 [INFO] food_safety: 15 chunks produced, 0 already stored, 15 to embed
2026-06-10 20:25:49,015 [INFO] food_safety: done.
2026-06-10 20:25:49,015 [INFO] Processing foodborne_trematode_infections ...
2026-06-10 20:25:49,753 [INFO] foodborne_trematode_infections: 15 chunks produced, 0 already stored, 15 to embed
2026-06-10 20:25:49,869 [INFO] foodborne_trematode_infections: done.
2026-06-10 20:25:49,869 [INFO] Processing fragility_fractures ...
2026-06-10 20:25:50,559 [INFO] fragility_fractures: 12 chunks produced, 0 already stored, 12 to embed
2026-06-10 20:25:50,662 [INFO] fragility_fractures: done.
2026-06-10 20:25:50,663 [INFO] Processing free_health_care_policies ...
2026-06-10 20:25:51,359 [INFO] free_health_care_policies: 6 chunks produced, 0 already stored, 6 to embed
2026-06-10 20:25:51,434 [INFO] free_health_care_policies: done.
2026-06-10 20:25:51,434 [INFO] Processing gambling ...
2026-06-10 20:25:52,171 [INFO] gambling: 13 chunks produced, 0 already stored, 13 to embed
2026-06-10 20:25:52,282 [INFO] gambling: done.
2026-06-10 20:25:52,282 [INFO] Processing gonorrhoea_(neisseria_gonorrhoeae_infection) ...
2026-06-10 20:25:52,985 [INFO] gonorrhoea_(neisseria_gonorrhoeae_infection): 9 chunks produced, 0 already stored, 9 to embed
2026-06-10 20:25:53,074 [INFO] gonorrhoea_(neisseria_gonorrhoeae_infection): done.
2026-06-10 20:25:53,074 [INFO] Processing guillain_barré_syndrome ...
2026-06-10 20:25:53,832 [INFO] guillain_barré_syndrome: 6 chunks produced, 0 already stored, 6 to embed
2026-06-10 20:25:53,897 [INFO] guillain_barré_syndrome: done.
2026-06-10 20:25:53,897 [INFO] Processing health_literacy ...
2026-06-10 20:25:54,745 [INFO] health_literacy: 9 chunks produced, 0 already stored, 9 to embed
2026-06-10 20:25:54,831 [INFO] health_literacy: done.
2026-06-10 20:25:54,832 [INFO] Processing health_care_waste ...
2026-06-10 20:25:55,682 [INFO] health_care_waste: 14 chunks produced, 0 already stored, 14 to embed
2026-06-10 20:25:55,798 [INFO] health_care_waste: done.
2026-06-10 20:25:55,798 [INFO] Processing healthy_diet ...
2026-06-10 20:25:56,390 [INFO] healthy_diet: 21 chunks produced, 0 already stored, 21 to embed
2026-06-10 20:25:56,548 [INFO] healthy_diet: done.
2026-06-10 20:25:56,548 [INFO] Processing climate_change_heat_and_health ...
2026-06-10 20:25:57,416 [INFO] climate_change_heat_and_health: 12 chunks produced, 0 already stored, 12 to embed
2026-06-10 20:25:57,520 [INFO] climate_change_heat_and_health: done.
2026-06-10 20:25:57,520 [INFO] Processing hepatitis_a ...
2026-06-10 20:25:58,322 [INFO] hepatitis_a: 10 chunks produced, 0 already stored, 10 to embed
2026-06-10 20:25:58,395 [INFO] hepatitis_a: done.
2026-06-10 20:25:58,395 [INFO] Processing hepatitis_b ...
2026-06-10 20:25:59,256 [INFO] hepatitis_b: 13 chunks produced, 0 already stored, 13 to embed
2026-06-10 20:25:59,371 [INFO] hepatitis_b: done.
2026-06-10 20:25:59,372 [INFO] Processing hepatitis_c ...
2026-06-10 20:26:00,079 [INFO] hepatitis_c: 13 chunks produced, 0 already stored, 13 to embed
2026-06-10 20:26:00,179 [INFO] hepatitis_c: done.
2026-06-10 20:26:00,179 [INFO] Processing hepatitis_d ...
2026-06-10 20:26:00,891 [INFO] hepatitis_d: 9 chunks produced, 0 already stored, 9 to embed
2026-06-10 20:26:00,974 [INFO] hepatitis_d: done.
2026-06-10 20:26:00,974 [INFO] Processing hepatitis_e ...
2026-06-10 20:26:01,724 [INFO] hepatitis_e: 11 chunks produced, 0 already stored, 11 to embed
2026-06-10 20:26:01,823 [INFO] hepatitis_e: done.
2026-06-10 20:26:01,823 [INFO] Processing herpes_simplex_virus ...
2026-06-10 20:26:02,536 [INFO] herpes_simplex_virus: 10 chunks produced, 0 already stored, 10 to embed
2026-06-10 20:26:02,623 [INFO] herpes_simplex_virus: done.
2026-06-10 20:26:02,623 [INFO] Processing hiv_aids ...
2026-06-10 20:26:03,444 [INFO] hiv_aids: 11 chunks produced, 0 already stored, 11 to embed
2026-06-10 20:26:03,533 [INFO] hiv_aids: done.
2026-06-10 20:26:03,533 [INFO] Processing hiv_drug_resistance ...
2026-06-10 20:26:04,274 [INFO] hiv_drug_resistance: 16 chunks produced, 0 already stored, 16 to embed
2026-06-10 20:26:04,408 [INFO] hiv_drug_resistance: done.
2026-06-10 20:26:04,408 [INFO] Processing household_air_pollution_and_health ...
2026-06-10 20:26:05,183 [INFO] household_air_pollution_and_health: 13 chunks produced, 0 already stored, 13 to embed
2026-06-10 20:26:05,284 [INFO] household_air_pollution_and_health: done.
2026-06-10 20:26:05,284 [INFO] Processing human_papilloma_virus_and_cancer ...
2026-06-10 20:26:05,999 [INFO] human_papilloma_virus_and_cancer: 10 chunks produced, 0 already stored, 10 to embed
2026-06-10 20:26:06,090 [INFO] human_papilloma_virus_and_cancer: done.
2026-06-10 20:26:06,090 [INFO] Processing human_rights_and_health ...
2026-06-10 20:26:06,832 [INFO] human_rights_and_health: 12 chunks produced, 0 already stored, 12 to embed
2026-06-10 20:26:06,930 [INFO] human_rights_and_health: done.
2026-06-10 20:26:06,931 [INFO] Processing human_t_lymphotropic_virus_type_1 ...
2026-06-10 20:26:07,653 [INFO] human_t_lymphotropic_virus_type_1: 8 chunks produced, 0 already stored, 8 to embed
2026-06-10 20:26:07,742 [INFO] human_t_lymphotropic_virus_type_1: done.
2026-06-10 20:26:07,743 [INFO] Processing icd_11 ...
2026-06-10 20:26:08,429 [INFO] icd_11: 8 chunks produced, 0 already stored, 8 to embed
2026-06-10 20:26:08,511 [INFO] icd_11: done.
2026-06-10 20:26:08,511 [INFO] Processing immunization_coverage ...
2026-06-10 20:26:09,375 [INFO] immunization_coverage: 12 chunks produced, 0 already stored, 12 to embed
2026-06-10 20:26:09,486 [INFO] immunization_coverage: done.
2026-06-10 20:26:09,486 [INFO] Processing infant_and_young_child_feeding ...
2026-06-10 20:26:10,312 [INFO] infant_and_young_child_feeding: 12 chunks produced, 0 already stored, 12 to embed
2026-06-10 20:26:10,419 [INFO] infant_and_young_child_feeding: done.
2026-06-10 20:26:10,419 [INFO] Processing infertility ...
2026-06-10 20:26:11,021 [INFO] infertility: 11 chunks produced, 0 already stored, 11 to embed
2026-06-10 20:26:11,116 [INFO] infertility: done.
2026-06-10 20:26:11,117 [INFO] Processing influenza_(avian_and_other_zoonotic) ...
2026-06-10 20:26:11,876 [INFO] influenza_(avian_and_other_zoonotic): 14 chunks produced, 0 already stored, 14 to embed
2026-06-10 20:26:11,993 [INFO] influenza_(avian_and_other_zoonotic): done.
2026-06-10 20:26:11,993 [INFO] Processing influenza_(seasonal) ...
2026-06-10 20:26:12,726 [INFO] influenza_(seasonal): 11 chunks produced, 0 already stored, 11 to embed
2026-06-10 20:26:12,832 [INFO] influenza_(seasonal): done.
2026-06-10 20:26:12,832 [INFO] Processing injuries_and_violence ...
2026-06-10 20:26:13,807 [INFO] injuries_and_violence: 10 chunks produced, 0 already stored, 10 to embed
2026-06-10 20:26:13,926 [INFO] injuries_and_violence: done.
2026-06-10 20:26:13,926 [INFO] Processing intrauterine_devices ...
2026-06-10 20:26:14,513 [INFO] intrauterine_devices: 5 chunks produced, 0 already stored, 5 to embed
2026-06-10 20:26:14,599 [INFO] intrauterine_devices: done.
2026-06-10 20:26:14,599 [INFO] Processing ionizing_radiation_and_health_effects ...
2026-06-10 20:26:15,435 [INFO] ionizing_radiation_and_health_effects: 9 chunks produced, 0 already stored, 9 to embed
2026-06-10 20:26:15,601 [INFO] ionizing_radiation_and_health_effects: done.
2026-06-10 20:26:15,601 [INFO] Processing japanese_encephalitis ...
2026-06-10 20:26:16,403 [INFO] japanese_encephalitis: 10 chunks produced, 0 already stored, 10 to embed
2026-06-10 20:26:16,469 [INFO] japanese_encephalitis: done.
2026-06-10 20:26:16,469 [INFO] Processing lassa_fever ...
2026-06-10 20:26:17,143 [INFO] lassa_fever: 11 chunks produced, 0 already stored, 11 to embed
2026-06-10 20:26:17,197 [INFO] lassa_fever: done.
2026-06-10 20:26:17,197 [INFO] Processing lead_poisoning_and_health ...
2026-06-10 20:26:17,888 [INFO] lead_poisoning_and_health: 8 chunks produced, 0 already stored, 8 to embed
2026-06-10 20:26:17,971 [INFO] lead_poisoning_and_health: done.
2026-06-10 20:26:17,971 [INFO] Processing legionellosis ...
2026-06-10 20:26:18,511 [INFO] legionellosis: 10 chunks produced, 0 already stored, 10 to embed
2026-06-10 20:26:18,566 [INFO] legionellosis: done.
2026-06-10 20:26:18,566 [INFO] Processing leishmaniasis ...
2026-06-10 20:26:19,433 [INFO] leishmaniasis: 11 chunks produced, 0 already stored, 11 to embed
2026-06-10 20:26:19,506 [INFO] leishmaniasis: done.
2026-06-10 20:26:19,506 [INFO] Processing leprosy ...
2026-06-10 20:26:20,140 [INFO] leprosy: 6 chunks produced, 0 already stored, 6 to embed
2026-06-10 20:26:20,182 [INFO] leprosy: done.
2026-06-10 20:26:20,182 [INFO] Processing listeriosis ...
2026-06-10 20:26:20,752 [INFO] listeriosis: 9 chunks produced, 0 already stored, 9 to embed
2026-06-10 20:26:20,802 [INFO] listeriosis: done.
2026-06-10 20:26:20,802 [INFO] Processing low_back_pain ...
2026-06-10 20:26:21,381 [INFO] low_back_pain: 9 chunks produced, 0 already stored, 9 to embed
2026-06-10 20:26:21,434 [INFO] low_back_pain: done.
2026-06-10 20:26:21,434 [INFO] Processing lymphatic_filariasis ...
2026-06-10 20:26:22,185 [INFO] lymphatic_filariasis: 13 chunks produced, 0 already stored, 13 to embed
2026-06-10 20:26:22,263 [INFO] lymphatic_filariasis: done.
2026-06-10 20:26:22,264 [INFO] Processing malaria ...
2026-06-10 20:26:23,119 [INFO] malaria: 14 chunks produced, 0 already stored, 14 to embed
2026-06-10 20:26:23,207 [INFO] malaria: done.
2026-06-10 20:26:23,208 [INFO] Processing malnutrition ...
2026-06-10 20:26:24,018 [INFO] malnutrition: 10 chunks produced, 0 already stored, 10 to embed
2026-06-10 20:26:24,072 [INFO] malnutrition: done.
2026-06-10 20:26:24,072 [INFO] Processing marburg_virus_disease ...
2026-06-10 20:26:24,857 [INFO] marburg_virus_disease: 14 chunks produced, 0 already stored, 14 to embed
2026-06-10 20:26:24,943 [INFO] marburg_virus_disease: done.
2026-06-10 20:26:24,943 [INFO] Processing maternal_mortality ...
2026-06-10 20:26:25,882 [INFO] maternal_mortality: 12 chunks produced, 0 already stored, 12 to embed
2026-06-10 20:26:25,951 [INFO] maternal_mortality: done.
2026-06-10 20:26:25,951 [INFO] Processing measles ...
2026-06-10 20:26:26,796 [INFO] measles: 10 chunks produced, 0 already stored, 10 to embed
2026-06-10 20:26:26,864 [INFO] measles: done.
2026-06-10 20:26:26,864 [INFO] Processing meningitis ...
2026-06-10 20:26:27,808 [INFO] meningitis: 13 chunks produced, 0 already stored, 13 to embed
2026-06-10 20:26:27,910 [INFO] meningitis: done.
2026-06-10 20:26:27,910 [INFO] Processing menopause ...
2026-06-10 20:26:28,744 [INFO] menopause: 12 chunks produced, 0 already stored, 12 to embed
2026-06-10 20:26:28,831 [INFO] menopause: done.
2026-06-10 20:26:28,831 [INFO] Processing mental_disorders ...
2026-06-10 20:26:29,675 [INFO] mental_disorders: 14 chunks produced, 0 already stored, 14 to embed
2026-06-10 20:26:29,773 [INFO] mental_disorders: done.
2026-06-10 20:26:29,773 [INFO] Processing mental_health_strengthening_our_response ...
2026-06-10 20:26:30,487 [INFO] mental_health_strengthening_our_response: 9 chunks produced, 0 already stored, 9 to embed
2026-06-10 20:26:30,549 [INFO] mental_health_strengthening_our_response: done.
2026-06-10 20:26:30,549 [INFO] Processing mental_health_at_work ...
2026-06-10 20:26:31,616 [INFO] mental_health_at_work: 13 chunks produced, 0 already stored, 13 to embed
2026-06-10 20:26:31,704 [INFO] mental_health_at_work: done.
2026-06-10 20:26:31,704 [INFO] Processing mental_health_in_emergencies ...
2026-06-10 20:26:32,667 [INFO] mental_health_in_emergencies: 10 chunks produced, 0 already stored, 10 to embed
2026-06-10 20:26:32,735 [INFO] mental_health_in_emergencies: done.
2026-06-10 20:26:32,735 [INFO] Processing adolescent_mental_health ...
2026-06-10 20:26:33,677 [INFO] adolescent_mental_health: 12 chunks produced, 0 already stored, 12 to embed
2026-06-10 20:26:33,764 [INFO] adolescent_mental_health: done.
2026-06-10 20:26:33,764 [INFO] Processing mental_health_of_older_adults ...
2026-06-10 20:26:34,591 [INFO] mental_health_of_older_adults: 10 chunks produced, 0 already stored, 10 to embed
2026-06-10 20:26:34,653 [INFO] mental_health_of_older_adults: done.
2026-06-10 20:26:34,653 [INFO] Processing mercury_and_health ...
2026-06-10 20:26:35,401 [INFO] mercury_and_health: 10 chunks produced, 0 already stored, 10 to embed
2026-06-10 20:26:35,465 [INFO] mercury_and_health: done.
2026-06-10 20:26:35,466 [INFO] Processing middle_east_respiratory_syndrome_coronavirus_(mers_cov) ...
2026-06-10 20:26:36,348 [INFO] middle_east_respiratory_syndrome_coronavirus_(mers_cov): 13 chunks produced, 0 already stored, 13 to embed
2026-06-10 20:26:36,442 [INFO] middle_east_respiratory_syndrome_coronavirus_(mers_cov): done.
2026-06-10 20:26:36,442 [INFO] Processing headache_disorders ...
2026-06-10 20:26:37,126 [INFO] headache_disorders: 11 chunks produced, 0 already stored, 11 to embed
2026-06-10 20:26:37,184 [INFO] headache_disorders: done.
2026-06-10 20:26:37,184 [INFO] Processing millennium_development_goals_(mdgs) ...
2026-06-10 20:26:38,486 [INFO] millennium_development_goals_(mdgs): 11 chunks produced, 0 already stored, 11 to embed
2026-06-10 20:26:38,560 [INFO] millennium_development_goals_(mdgs): done.
2026-06-10 20:26:38,561 [INFO] Processing mpox ...
2026-06-10 20:26:39,514 [INFO] mpox: 16 chunks produced, 0 already stored, 16 to embed
2026-06-10 20:26:39,636 [INFO] mpox: done.
2026-06-10 20:26:39,636 [INFO] Processing multi_drug_resistant_gonorrhoea ...
2026-06-10 20:26:40,439 [INFO] multi_drug_resistant_gonorrhoea: 11 chunks produced, 0 already stored, 11 to embed
2026-06-10 20:26:40,517 [INFO] multi_drug_resistant_gonorrhoea: done.
2026-06-10 20:26:40,517 [INFO] Processing multiple_sclerosis ...
2026-06-10 20:26:41,552 [INFO] multiple_sclerosis: 8 chunks produced, 0 already stored, 8 to embed
2026-06-10 20:26:41,606 [INFO] multiple_sclerosis: done.
2026-06-10 20:26:41,607 [INFO] Processing musculoskeletal_conditions ...
2026-06-10 20:26:42,582 [INFO] musculoskeletal_conditions: 12 chunks produced, 0 already stored, 12 to embed
2026-06-10 20:26:42,660 [INFO] musculoskeletal_conditions: done.
2026-06-10 20:26:42,660 [INFO] Processing mycetoma ...
2026-06-10 20:26:43,176 [INFO] mycetoma: 8 chunks produced, 0 already stored, 8 to embed
2026-06-10 20:26:43,236 [INFO] mycetoma: done.
2026-06-10 20:26:43,236 [INFO] Processing mycotoxins ...
2026-06-10 20:26:43,779 [INFO] mycotoxins: 10 chunks produced, 0 already stored, 10 to embed
2026-06-10 20:26:43,845 [INFO] mycotoxins: done.
2026-06-10 20:26:43,846 [INFO] Processing natural_toxins_in_food ...
2026-06-10 20:26:44,415 [INFO] natural_toxins_in_food: 11 chunks produced, 0 already stored, 11 to embed
2026-06-10 20:26:44,489 [INFO] natural_toxins_in_food: done.
2026-06-10 20:26:44,490 [INFO] Processing newborn_mortality ...
2026-06-10 20:26:45,583 [INFO] newborn_mortality: 10 chunks produced, 0 already stored, 10 to embed
2026-06-10 20:26:45,648 [INFO] newborn_mortality: done.
2026-06-10 20:26:45,648 [INFO] Processing newborns_reducing_mortality ...
2026-06-10 20:26:46,266 [INFO] newborns_reducing_mortality: 10 chunks produced, 0 already stored, 10 to embed
2026-06-10 20:26:46,340 [INFO] newborns_reducing_mortality: done.
2026-06-10 20:26:46,340 [INFO] Processing nipah_virus ...
2026-06-10 20:26:47,057 [INFO] nipah_virus: 10 chunks produced, 0 already stored, 10 to embed
2026-06-10 20:26:47,123 [INFO] nipah_virus: done.
2026-06-10 20:26:47,124 [INFO] Processing noma ...
2026-06-10 20:26:47,803 [INFO] noma: 10 chunks produced, 0 already stored, 10 to embed
2026-06-10 20:26:47,883 [INFO] noma: done.
2026-06-10 20:26:47,883 [INFO] Processing noncommunicable_diseases ...
2026-06-10 20:26:48,616 [INFO] noncommunicable_diseases: 8 chunks produced, 0 already stored, 8 to embed
2026-06-10 20:26:48,678 [INFO] noncommunicable_diseases: done.
2026-06-10 20:26:48,679 [INFO] Processing nursing_and_midwifery ...
2026-06-10 20:26:49,440 [INFO] nursing_and_midwifery: 7 chunks produced, 0 already stored, 7 to embed
2026-06-10 20:26:49,495 [INFO] nursing_and_midwifery: done.
2026-06-10 20:26:49,495 [INFO] Processing obesity_and_overweight ...
2026-06-10 20:26:50,135 [INFO] obesity_and_overweight: 16 chunks produced, 0 already stored, 16 to embed
2026-06-10 20:26:50,255 [INFO] obesity_and_overweight: done.
2026-06-10 20:26:50,255 [INFO] Processing occupational_health__health_workers ...
2026-06-10 20:26:50,957 [INFO] occupational_health__health_workers: 8 chunks produced, 0 already stored, 8 to embed
2026-06-10 20:26:51,005 [INFO] occupational_health__health_workers: done.
2026-06-10 20:26:51,005 [INFO] Processing older_children_and_young_adolescent_mortality_(5_to_14_years) ...
2026-06-10 20:26:51,786 [INFO] older_children_and_young_adolescent_mortality_(5_to_14_years): 4 chunks produced, 0 already stored, 4 to embed
2026-06-10 20:26:51,834 [INFO] older_children_and_young_adolescent_mortality_(5_to_14_years): done.
2026-06-10 20:26:51,835 [INFO] Processing onchocerciasis ...
2026-06-10 20:26:52,507 [INFO] onchocerciasis: 10 chunks produced, 0 already stored, 10 to embed
2026-06-10 20:26:52,574 [INFO] onchocerciasis: done.
2026-06-10 20:26:52,575 [INFO] Processing one_health ...
2026-06-10 20:26:53,425 [INFO] one_health: 9 chunks produced, 0 already stored, 9 to embed
2026-06-10 20:26:53,489 [INFO] one_health: done.
2026-06-10 20:26:53,489 [INFO] Processing opioid_overdose ...
2026-06-10 20:26:54,349 [INFO] opioid_overdose: 14 chunks produced, 0 already stored, 14 to embed
2026-06-10 20:26:54,453 [INFO] opioid_overdose: done.
2026-06-10 20:26:54,453 [INFO] Processing oral_contraceptives ...
2026-06-10 20:26:55,270 [INFO] oral_contraceptives: 7 chunks produced, 0 already stored, 7 to embed
2026-06-10 20:26:55,336 [INFO] oral_contraceptives: done.
2026-06-10 20:26:55,336 [INFO] Processing oral_health ...
2026-06-10 20:26:55,972 [INFO] oral_health: 12 chunks produced, 0 already stored, 12 to embed
2026-06-10 20:26:56,055 [INFO] oral_health: done.
2026-06-10 20:26:56,055 [INFO] Processing oropouche_virus_disease ...
2026-06-10 20:26:56,907 [INFO] oropouche_virus_disease: 12 chunks produced, 0 already stored, 12 to embed
2026-06-10 20:26:56,994 [INFO] oropouche_virus_disease: done.
2026-06-10 20:26:56,994 [INFO] Processing osteoarthritis ...
2026-06-10 20:26:57,829 [INFO] osteoarthritis: 8 chunks produced, 0 already stored, 8 to embed
2026-06-10 20:26:57,909 [INFO] osteoarthritis: done.
2026-06-10 20:26:57,909 [INFO] Processing palliative_care ...
2026-06-10 20:26:58,754 [INFO] palliative_care: 10 chunks produced, 0 already stored, 10 to embed
2026-06-10 20:26:58,843 [INFO] palliative_care: done.
2026-06-10 20:26:58,843 [INFO] Processing parkinson_disease ...
2026-06-10 20:26:59,568 [INFO] parkinson_disease: 7 chunks produced, 0 already stored, 7 to embed
2026-06-10 20:26:59,631 [INFO] parkinson_disease: done.
2026-06-10 20:26:59,632 [INFO] Processing patient_safety ...
2026-06-10 20:27:00,496 [INFO] patient_safety: 16 chunks produced, 0 already stored, 16 to embed
2026-06-10 20:27:00,614 [INFO] patient_safety: done.
2026-06-10 20:27:00,614 [INFO] Processing pesticide_residues_in_food ...
2026-06-10 20:27:01,434 [INFO] pesticide_residues_in_food: 7 chunks produced, 0 already stored, 7 to embed
2026-06-10 20:27:01,514 [INFO] pesticide_residues_in_food: done.
2026-06-10 20:27:01,515 [INFO] Processing physical_activity ...
2026-06-10 20:27:02,228 [INFO] physical_activity: 11 chunks produced, 0 already stored, 11 to embed
2026-06-10 20:27:02,339 [INFO] physical_activity: done.
2026-06-10 20:27:02,339 [INFO] Processing plague ...
2026-06-10 20:27:03,036 [INFO] plague: 9 chunks produced, 0 already stored, 9 to embed
2026-06-10 20:27:03,111 [INFO] plague: done.
2026-06-10 20:27:03,111 [INFO] Processing pneumonia ...
2026-06-10 20:27:03,887 [INFO] pneumonia: 7 chunks produced, 0 already stored, 7 to embed
2026-06-10 20:27:03,945 [INFO] pneumonia: done.
2026-06-10 20:27:03,946 [INFO] Processing podoconiosis_(non_filarial_lymphoedema) ...
2026-06-10 20:27:04,797 [INFO] podoconiosis_(non_filarial_lymphoedema): 8 chunks produced, 0 already stored, 8 to embed
2026-06-10 20:27:04,882 [INFO] podoconiosis_(non_filarial_lymphoedema): done.
2026-06-10 20:27:04,883 [INFO] Processing poliomyelitis ...
2026-06-10 20:27:05,627 [INFO] poliomyelitis: 7 chunks produced, 0 already stored, 7 to embed
2026-06-10 20:27:05,749 [INFO] poliomyelitis: done.
2026-06-10 20:27:05,749 [INFO] Processing polycystic_ovary_syndrome ...
2026-06-10 20:27:06,436 [INFO] polycystic_ovary_syndrome: 9 chunks produced, 0 already stored, 9 to embed
2026-06-10 20:27:06,522 [INFO] polycystic_ovary_syndrome: done.
2026-06-10 20:27:06,523 [INFO] Processing post_covid_19_condition_(long_covid) ...
2026-06-10 20:27:07,259 [INFO] post_covid_19_condition_(long_covid): 11 chunks produced, 0 already stored, 11 to embed
2026-06-10 20:27:07,354 [INFO] post_covid_19_condition_(long_covid): done.
2026-06-10 20:27:07,354 [INFO] Processing post_traumatic_stress_disorder ...
2026-06-10 20:27:08,058 [INFO] post_traumatic_stress_disorder: 10 chunks produced, 0 already stored, 10 to embed
2026-06-10 20:27:08,179 [INFO] post_traumatic_stress_disorder: done.
2026-06-10 20:27:08,179 [INFO] Processing pre_eclampsia ...
2026-06-10 20:27:08,977 [INFO] pre_eclampsia: 7 chunks produced, 0 already stored, 7 to embed
2026-06-10 20:27:09,044 [INFO] pre_eclampsia: done.
2026-06-10 20:27:09,045 [INFO] Processing prequalification_of_medicines_by_who ...
2026-06-10 20:27:09,996 [INFO] prequalification_of_medicines_by_who: 16 chunks produced, 0 already stored, 16 to embed
2026-06-10 20:27:10,081 [INFO] prequalification_of_medicines_by_who: done.
2026-06-10 20:27:10,082 [INFO] Processing preterm_birth ...
2026-06-10 20:27:10,842 [INFO] preterm_birth: 8 chunks produced, 0 already stored, 8 to embed
2026-06-10 20:27:10,929 [INFO] preterm_birth: done.
2026-06-10 20:27:10,929 [INFO] Processing primary_health_care ...
2026-06-10 20:27:11,619 [INFO] primary_health_care: 9 chunks produced, 0 already stored, 9 to embed
2026-06-10 20:27:11,703 [INFO] primary_health_care: done.
2026-06-10 20:27:11,703 [INFO] Processing protecting_workers'_health ...
2026-06-10 20:27:12,575 [INFO] protecting_workers'_health: 9 chunks produced, 0 already stored, 9 to embed
2026-06-10 20:27:12,663 [INFO] protecting_workers'_health: done.
2026-06-10 20:27:12,663 [INFO] Processing quality_health_services ...
2026-06-10 20:27:13,398 [INFO] quality_health_services: 11 chunks produced, 0 already stored, 11 to embed
2026-06-10 20:27:13,485 [INFO] quality_health_services: done.
2026-06-10 20:27:13,485 [INFO] Processing rabies ...
2026-06-10 20:27:14,214 [INFO] rabies: 12 chunks produced, 0 already stored, 12 to embed
2026-06-10 20:27:14,322 [INFO] rabies: done.
2026-06-10 20:27:14,322 [INFO] Processing radon_and_health ...
2026-06-10 20:27:15,021 [INFO] radon_and_health: 10 chunks produced, 0 already stored, 10 to embed
2026-06-10 20:27:15,087 [INFO] radon_and_health: done.
2026-06-10 20:27:15,088 [INFO] Processing refugee_and_migrant_health ...
2026-06-10 20:27:15,863 [INFO] refugee_and_migrant_health: 14 chunks produced, 0 already stored, 14 to embed
2026-06-10 20:27:15,958 [INFO] refugee_and_migrant_health: done.
2026-06-10 20:27:15,958 [INFO] Processing refugee_and_migrant_mental_health ...
2026-06-10 20:27:16,471 [INFO] refugee_and_migrant_mental_health: 10 chunks produced, 0 already stored, 10 to embed
2026-06-10 20:27:16,560 [INFO] refugee_and_migrant_mental_health: done.
2026-06-10 20:27:16,560 [INFO] Processing rehabilitation ...
2026-06-10 20:27:17,627 [INFO] rehabilitation: 11 chunks produced, 0 already stored, 11 to embed
2026-06-10 20:27:17,731 [INFO] rehabilitation: done.
2026-06-10 20:27:17,731 [INFO] Processing respiratory_syncytial_virus_(rsv) ...
2026-06-10 20:27:18,413 [INFO] respiratory_syncytial_virus_(rsv): 11 chunks produced, 0 already stored, 11 to embed
2026-06-10 20:27:18,515 [INFO] respiratory_syncytial_virus_(rsv): done.
2026-06-10 20:27:18,515 [INFO] Processing rheumatic_heart_disease ...
2026-06-10 20:27:19,097 [INFO] rheumatic_heart_disease: 10 chunks produced, 0 already stored, 10 to embed
2026-06-10 20:27:19,191 [INFO] rheumatic_heart_disease: done.
2026-06-10 20:27:19,192 [INFO] Processing rheumatoid_arthritis ...
2026-06-10 20:27:19,943 [INFO] rheumatoid_arthritis: 7 chunks produced, 0 already stored, 7 to embed
2026-06-10 20:27:20,018 [INFO] rheumatoid_arthritis: done.
2026-06-10 20:27:20,018 [INFO] Processing rift_valley_fever ...
2026-06-10 20:27:20,822 [INFO] rift_valley_fever: 13 chunks produced, 0 already stored, 13 to embed
2026-06-10 20:27:20,927 [INFO] rift_valley_fever: done.
2026-06-10 20:27:20,927 [INFO] Processing ringworm_(tinea) ...
2026-06-10 20:27:21,584 [INFO] ringworm_(tinea): 9 chunks produced, 0 already stored, 9 to embed
2026-06-10 20:27:21,678 [INFO] ringworm_(tinea): done.
2026-06-10 20:27:21,678 [INFO] Processing road_traffic_injuries ...
2026-06-10 20:27:22,264 [INFO] road_traffic_injuries: 10 chunks produced, 0 already stored, 10 to embed
2026-06-10 20:27:22,349 [INFO] road_traffic_injuries: done.
2026-06-10 20:27:22,349 [INFO] Processing rubella ...
2026-06-10 20:27:22,999 [INFO] rubella: 7 chunks produced, 0 already stored, 7 to embed
2026-06-10 20:27:23,078 [INFO] rubella: done.
2026-06-10 20:27:23,078 [INFO] Processing salmonella_(non_typhoidal) ...
2026-06-10 20:27:23,837 [INFO] salmonella_(non_typhoidal): 11 chunks produced, 0 already stored, 11 to embed
2026-06-10 20:27:23,923 [INFO] salmonella_(non_typhoidal): done.
2026-06-10 20:27:23,923 [INFO] Processing sand_and_dust_storms ...
2026-06-10 20:27:24,766 [INFO] sand_and_dust_storms: 9 chunks produced, 0 already stored, 9 to embed
2026-06-10 20:27:24,894 [INFO] sand_and_dust_storms: done.
2026-06-10 20:27:24,894 [INFO] Processing sanitation ...
2026-06-10 20:27:25,592 [INFO] sanitation: 9 chunks produced, 0 already stored, 9 to embed
2026-06-10 20:27:25,671 [INFO] sanitation: done.
2026-06-10 20:27:25,671 [INFO] Processing scabies ...
2026-06-10 20:27:26,408 [INFO] scabies: 13 chunks produced, 0 already stored, 13 to embed
2026-06-10 20:27:26,513 [INFO] scabies: done.
2026-06-10 20:27:26,513 [INFO] Processing schistosomiasis ...
2026-06-10 20:27:27,143 [INFO] schistosomiasis: 14 chunks produced, 0 already stored, 14 to embed
2026-06-10 20:27:27,227 [INFO] schistosomiasis: done.
2026-06-10 20:27:27,227 [INFO] Processing schizophrenia ...
2026-06-10 20:27:28,063 [INFO] schizophrenia: 10 chunks produced, 0 already stored, 10 to embed
2026-06-10 20:27:28,150 [INFO] schizophrenia: done.
2026-06-10 20:27:28,151 [INFO] Processing self_care_health_interventions ...
2026-06-10 20:27:28,939 [INFO] self_care_health_interventions: 8 chunks produced, 0 already stored, 8 to embed
2026-06-10 20:27:29,009 [INFO] self_care_health_interventions: done.
2026-06-10 20:27:29,009 [INFO] Processing sepsis ...
2026-06-10 20:27:34,069 [INFO] sepsis: 11 chunks produced, 0 already stored, 11 to embed
2026-06-10 20:27:34,183 [INFO] sepsis: done.
2026-06-10 20:27:34,183 [INFO] Processing sexually_transmitted_infections_(stis) ...
2026-06-10 20:27:35,102 [INFO] sexually_transmitted_infections_(stis): 11 chunks produced, 0 already stored, 11 to embed
2026-06-10 20:27:35,207 [INFO] sexually_transmitted_infections_(stis): done.
2026-06-10 20:27:35,207 [INFO] Processing shingles_(herpes_zoster) ...
2026-06-10 20:27:35,926 [INFO] shingles_(herpes_zoster): 8 chunks produced, 0 already stored, 8 to embed
2026-06-10 20:27:36,009 [INFO] shingles_(herpes_zoster): done.
2026-06-10 20:27:36,009 [INFO] Processing sickle_cell_disease ...
2026-06-10 20:27:36,850 [INFO] sickle_cell_disease: 11 chunks produced, 0 already stored, 11 to embed
2026-06-10 20:27:36,955 [INFO] sickle_cell_disease: done.
2026-06-10 20:27:36,956 [INFO] Processing snakebite_envenoming ...
2026-06-10 20:27:37,762 [INFO] snakebite_envenoming: 13 chunks produced, 0 already stored, 13 to embed
2026-06-10 20:27:37,882 [INFO] snakebite_envenoming: done.
2026-06-10 20:27:37,882 [INFO] Processing social_determinants_of_health ...
2026-06-10 20:27:38,787 [INFO] social_determinants_of_health: 10 chunks produced, 0 already stored, 10 to embed
2026-06-10 20:27:38,888 [INFO] social_determinants_of_health: done.
2026-06-10 20:27:38,888 [INFO] Processing sodium_reduction ...
2026-06-10 20:27:39,696 [INFO] sodium_reduction: 10 chunks produced, 0 already stored, 10 to embed
2026-06-10 20:27:39,792 [INFO] sodium_reduction: done.
2026-06-10 20:27:39,793 [INFO] Processing soil_transmitted_helminth_infections ...
2026-06-10 20:27:40,535 [INFO] soil_transmitted_helminth_infections: 11 chunks produced, 0 already stored, 11 to embed
2026-06-10 20:27:40,641 [INFO] soil_transmitted_helminth_infections: done.
2026-06-10 20:27:40,641 [INFO] Processing spinal_cord_injury ...
2026-06-10 20:27:41,362 [INFO] spinal_cord_injury: 13 chunks produced, 0 already stored, 13 to embed
2026-06-10 20:27:41,454 [INFO] spinal_cord_injury: done.
2026-06-10 20:27:41,454 [INFO] Processing sporotrichosis ...
2026-06-10 20:27:42,158 [INFO] sporotrichosis: 8 chunks produced, 0 already stored, 8 to embed
2026-06-10 20:27:42,218 [INFO] sporotrichosis: done.
2026-06-10 20:27:42,218 [INFO] Processing stroke ...
2026-06-10 20:27:42,972 [INFO] stroke: 10 chunks produced, 0 already stored, 10 to embed
2026-06-10 20:27:43,117 [INFO] stroke: done.
2026-06-10 20:27:43,118 [INFO] Processing substandard_and_falsified_medical_products ...
2026-06-10 20:27:43,817 [INFO] substandard_and_falsified_medical_products: 11 chunks produced, 0 already stored, 11 to embed
2026-06-10 20:27:43,866 [INFO] substandard_and_falsified_medical_products: done.
2026-06-10 20:27:43,866 [INFO] Processing sugars_and_dental_caries ...
2026-06-10 20:27:44,721 [INFO] sugars_and_dental_caries: 11 chunks produced, 0 already stored, 11 to embed
2026-06-10 20:27:44,778 [INFO] sugars_and_dental_caries: done.
2026-06-10 20:27:44,778 [INFO] Processing suicide ...
2026-06-10 20:27:45,663 [INFO] suicide: 9 chunks produced, 0 already stored, 9 to embed
2026-06-10 20:27:45,726 [INFO] suicide: done.
2026-06-10 20:27:45,726 [INFO] Processing syphilis ...
2026-06-10 20:27:46,642 [INFO] syphilis: 9 chunks produced, 0 already stored, 9 to embed
2026-06-10 20:27:46,684 [INFO] syphilis: done.
2026-06-10 20:27:46,684 [INFO] Processing taeniasis_cysticercosis ...
2026-06-10 20:27:47,457 [INFO] taeniasis_cysticercosis: 12 chunks produced, 0 already stored, 12 to embed
2026-06-10 20:27:47,517 [INFO] taeniasis_cysticercosis: done.
2026-06-10 20:27:47,517 [INFO] Processing tetanus ...
2026-06-10 20:27:48,068 [INFO] tetanus: 8 chunks produced, 0 already stored, 8 to embed
2026-06-10 20:27:48,116 [INFO] tetanus: done.
2026-06-10 20:27:48,117 [INFO] Processing the_top_10_causes_of_death ...
2026-06-10 20:27:48,791 [INFO] the_top_10_causes_of_death: 11 chunks produced, 0 already stored, 11 to embed
2026-06-10 20:27:48,845 [INFO] the_top_10_causes_of_death: done.
2026-06-10 20:27:48,845 [INFO] Processing tobacco ...
2026-06-10 20:27:49,328 [INFO] tobacco: 12 chunks produced, 0 already stored, 12 to embed
2026-06-10 20:27:49,395 [INFO] tobacco: done.
2026-06-10 20:27:49,395 [INFO] Processing trachoma ...
2026-06-10 20:27:50,143 [INFO] trachoma: 8 chunks produced, 0 already stored, 8 to embed
2026-06-10 20:27:50,185 [INFO] trachoma: done.
2026-06-10 20:27:50,186 [INFO] Processing trans_fat ...
2026-06-10 20:27:50,786 [INFO] trans_fat: 7 chunks produced, 0 already stored, 7 to embed
2026-06-10 20:27:50,861 [INFO] trans_fat: done.
2026-06-10 20:27:50,862 [INFO] Processing trichomoniasis ...
2026-06-10 20:27:51,724 [INFO] trichomoniasis: 7 chunks produced, 0 already stored, 7 to embed
2026-06-10 20:27:51,768 [INFO] trichomoniasis: done.
2026-06-10 20:27:51,768 [INFO] Processing trypanosomiasis_human_african_(sleeping_sickness) ...
2026-06-10 20:27:52,410 [INFO] trypanosomiasis_human_african_(sleeping_sickness): 11 chunks produced, 0 already stored, 11 to embed
2026-06-10 20:27:52,477 [INFO] trypanosomiasis_human_african_(sleeping_sickness): done.
2026-06-10 20:27:52,478 [INFO] Processing tuberculosis ...
2026-06-10 20:27:53,126 [INFO] tuberculosis: 12 chunks produced, 0 already stored, 12 to embed
2026-06-10 20:27:53,203 [INFO] tuberculosis: done.
2026-06-10 20:27:53,203 [INFO] Processing tungiasis ...
2026-06-10 20:27:53,791 [INFO] tungiasis: 9 chunks produced, 0 already stored, 9 to embed
2026-06-10 20:27:53,852 [INFO] tungiasis: done.
2026-06-10 20:27:53,852 [INFO] Processing typhoid ...
2026-06-10 20:27:54,466 [INFO] typhoid: 6 chunks produced, 0 already stored, 6 to embed
2026-06-10 20:27:54,520 [INFO] typhoid: done.
2026-06-10 20:27:54,521 [INFO] Processing ultraviolet_radiation ...
2026-06-10 20:27:55,276 [INFO] ultraviolet_radiation: 7 chunks produced, 0 already stored, 7 to embed
2026-06-10 20:27:55,330 [INFO] ultraviolet_radiation: done.
2026-06-10 20:27:55,331 [INFO] Processing universal_health_coverage_(uhc) ...
2026-06-10 20:27:57,290 [INFO] universal_health_coverage_(uhc): 6 chunks produced, 0 already stored, 6 to embed
2026-06-10 20:27:57,339 [INFO] universal_health_coverage_(uhc): done.
2026-06-10 20:27:57,340 [INFO] Processing urban_health ...
2026-06-10 20:27:58,317 [INFO] urban_health: 6 chunks produced, 0 already stored, 6 to embed
2026-06-10 20:27:58,373 [INFO] urban_health: done.
2026-06-10 20:27:58,374 [INFO] Processing vector_borne_diseases ...
2026-06-10 20:27:59,865 [INFO] vector_borne_diseases: 8 chunks produced, 0 already stored, 8 to embed
2026-06-10 20:27:59,918 [INFO] vector_borne_diseases: done.
2026-06-10 20:27:59,918 [INFO] Processing violence_against_children ...
2026-06-10 20:28:05,762 [INFO] violence_against_children: 11 chunks produced, 0 already stored, 11 to embed
2026-06-10 20:28:05,823 [INFO] violence_against_children: done.
2026-06-10 20:28:05,823 [INFO] Processing violence_against_women ...
2026-06-10 20:28:06,556 [INFO] violence_against_women: 15 chunks produced, 0 already stored, 15 to embed
2026-06-10 20:28:06,636 [INFO] violence_against_women: done.
2026-06-10 20:28:06,636 [INFO] Processing west_nile_virus ...
2026-06-10 20:28:07,331 [INFO] west_nile_virus: 10 chunks produced, 0 already stored, 10 to embed
2026-06-10 20:28:07,394 [INFO] west_nile_virus: done.
2026-06-10 20:28:07,394 [INFO] Processing white_phosphorus ...
2026-06-10 20:28:07,941 [INFO] white_phosphorus: 9 chunks produced, 0 already stored, 9 to embed
2026-06-10 20:28:07,992 [INFO] white_phosphorus: done.
2026-06-10 20:28:07,992 [INFO] Processing yaws ...
2026-06-10 20:28:08,613 [INFO] yaws: 10 chunks produced, 0 already stored, 10 to embed
2026-06-10 20:28:08,687 [INFO] yaws: done.
2026-06-10 20:28:08,687 [INFO] Processing yellow_fever ...
2026-06-10 20:28:09,614 [INFO] yellow_fever: 7 chunks produced, 0 already stored, 7 to embed
2026-06-10 20:28:09,675 [INFO] yellow_fever: done.
2026-06-10 20:28:09,675 [INFO] Processing youth_violence ...
2026-06-10 20:28:10,502 [INFO] youth_violence: 8 chunks produced, 0 already stored, 8 to embed
2026-06-10 20:28:10,562 [INFO] youth_violence: done.
2026-06-10 20:28:10,562 [INFO] Processing zika_virus ...
2026-06-10 20:28:10,991 [INFO] zika_virus: 13 chunks produced, 0 already stored, 13 to embed
2026-06-10 20:28:11,066 [INFO] zika_virus: done.
2026-06-10 20:28:11,066 [INFO] Processing zoonoses ...
2026-06-10 20:28:13,800 [INFO] zoonoses: 5 chunks produced, 0 already stored, 5 to embed
2026-06-10 20:28:13,852 [INFO] zoonoses: done.
2026-06-10 20:28:13,852 [INFO] Pipeline completed successfully.
